Using pre-set license
Built from '2022.3/staging' branch; Version is '2022.3.17f1 (4fc78088f837) revision 5228416'; Using compiler version '192829333'; Build Type 'Release'
OS: 'Windows 11  (10.0.26100) 64bit Professional' Language: 'en' Physical Memory: 31677 MB
BatchMode: 1, IsHumanControllingUs: 0, StartBugReporterOnCrash: 0, Is64bit: 1, IsPro: 1

COMMAND LINE ARGUMENTS:
C:\Program Files\Unity\Hub\Editor\2022.3.17f1\Editor\Unity.exe
-adb2
-batchMode
-noUpm
-name
AssetImportWorker4
-projectPath
C:/Users/Shaba/OneDrive/Documents/Sumaiya-Client
-logFile
Logs/AssetImportWorker4.log
-srvPort
56328
Successfully changed project path to: C:/Users/Shaba/OneDrive/Documents/Sumaiya-Client
C:/Users/Shaba/OneDrive/Documents/Sumaiya-Client
[UnityMemory] Configuration Parameters - Can be set up in boot.config
    "memorysetup-bucket-allocator-granularity=16"
    "memorysetup-bucket-allocator-bucket-count=8"
    "memorysetup-bucket-allocator-block-size=33554432"
    "memorysetup-bucket-allocator-block-count=8"
    "memorysetup-main-allocator-block-size=16777216"
    "memorysetup-thread-allocator-block-size=16777216"
    "memorysetup-gfx-main-allocator-block-size=16777216"
    "memorysetup-gfx-thread-allocator-block-size=16777216"
    "memorysetup-cache-allocator-block-size=4194304"
    "memorysetup-typetree-allocator-block-size=2097152"
    "memorysetup-profiler-bucket-allocator-granularity=16"
    "memorysetup-profiler-bucket-allocator-bucket-count=8"
    "memorysetup-profiler-bucket-allocator-block-size=33554432"
    "memorysetup-profiler-bucket-allocator-block-count=8"
    "memorysetup-profiler-allocator-block-size=16777216"
    "memorysetup-profiler-editor-allocator-block-size=1048576"
    "memorysetup-temp-allocator-size-main=16777216"
    "memorysetup-job-temp-allocator-block-size=2097152"
    "memorysetup-job-temp-allocator-block-size-background=1048576"
    "memorysetup-job-temp-allocator-reduction-small-platforms=262144"
    "memorysetup-allocator-temp-initial-block-size-main=262144"
    "memorysetup-allocator-temp-initial-block-size-worker=262144"
    "memorysetup-temp-allocator-size-background-worker=32768"
    "memorysetup-temp-allocator-size-job-worker=262144"
    "memorysetup-temp-allocator-size-preload-manager=33554432"
    "memorysetup-temp-allocator-size-nav-mesh-worker=65536"
    "memorysetup-temp-allocator-size-audio-worker=65536"
    "memorysetup-temp-allocator-size-cloud-worker=32768"
    "memorysetup-temp-allocator-size-gi-baking-worker=262144"
    "memorysetup-temp-allocator-size-gfx=262144"
Player connection [13284] Host "[IP] 192.168.1.13 [Port] 0 [Flags] 2 [Guid] 645803056 [EditorId] 645803056 [Version] 1048832 [Id] WindowsEditor(7,SHABYY-MIRZA) [Debug] 1 [PackageName] WindowsEditor [ProjectName] Editor" joined multi-casting on [225.0.0.222:54997]...

Player connection [13284] Host "[IP] 192.168.1.13 [Port] 0 [Flags] 2 [Guid] 645803056 [EditorId] 645803056 [Version] 1048832 [Id] WindowsEditor(7,SHABYY-MIRZA) [Debug] 1 [PackageName] WindowsEditor [ProjectName] Editor" joined alternative multi-casting on [225.0.0.222:34997]...

[Physics::Module] Initialized MultithreadedJobDispatcher with 15 workers.
Refreshing native plugins compatible for Editor in 16.57 ms, found 4 plugins.
Preloading 0 native plugins for Editor in 0.00 ms.
Initialize engine version: 2022.3.17f1 (4fc78088f837)
[Subsystems] Discovering subsystems at path C:/Program Files/Unity/Hub/Editor/2022.3.17f1/Editor/Data/Resources/UnitySubsystems
[Subsystems] Discovering subsystems at path C:/Users/Shaba/OneDrive/Documents/Sumaiya-Client/Assets
GfxDevice: creating device client; threaded=0; jobified=0
Direct3D:
    Version:  Direct3D 11.0 [level 11.1]
    Renderer: NVIDIA GeForce RTX 2060 (ID=0x1e89)
    Vendor:   NVIDIA
    VRAM:     5945 MB
    Driver:   32.0.15.6636
Shader 'Custom/RainShader': fallback shader 'Particles/Alpha Blended' not found
Initialize mono
Mono path[0] = 'C:/Program Files/Unity/Hub/Editor/2022.3.17f1/Editor/Data/Managed'
Mono path[1] = 'C:/Program Files/Unity/Hub/Editor/2022.3.17f1/Editor/Data/MonoBleedingEdge/lib/mono/unityjit-win32'
Mono config path = 'C:/Program Files/Unity/Hub/Editor/2022.3.17f1/Editor/Data/MonoBleedingEdge/etc'
Using monoOptions --debugger-agent=transport=dt_socket,embedding=1,server=y,suspend=n,address=127.0.0.1:56940
Begin MonoManager ReloadAssembly
Registering precompiled unity dll's ...
Register platform support module: C:/Program Files/Unity/Hub/Editor/2022.3.17f1/Editor/Data/PlaybackEngines/WebGLSupport/UnityEditor.WebGL.Extensions.dll
Register platform support module: C:/Program Files/Unity/Hub/Editor/2022.3.17f1/Editor/Data/PlaybackEngines/AndroidPlayer/UnityEditor.Android.Extensions.dll
Register platform support module: C:/Program Files/Unity/Hub/Editor/2022.3.17f1/Editor/Data/PlaybackEngines/WindowsStandaloneSupport/UnityEditor.WindowsStandalone.Extensions.dll
Registered in 0.012003 seconds.
- Loaded All Assemblies, in  0.291 seconds
Native extension for WindowsStandalone target not found
Native extension for Android target not found
Android Extension - Scanning For ADB Devices 194 ms
Native extension for WebGL target not found
Mono: successfully reloaded assembly
- Finished resetting the current domain, in  0.453 seconds
Domain Reload Profiling: 742ms
	BeginReloadAssembly (80ms)
		ExecutionOrderSort (0ms)
		DisableScriptedObjects (0ms)
		BackupInstance (0ms)
		ReleaseScriptingObjects (0ms)
		CreateAndSetChildDomain (1ms)
	RebuildCommonClasses (25ms)
	RebuildNativeTypeToScriptingClass (8ms)
	initialDomainReloadingComplete (55ms)
	LoadAllAssembliesAndSetupDomain (121ms)
		LoadAssemblies (78ms)
		RebuildTransferFunctionScriptingTraits (0ms)
		AnalyzeDomain (119ms)
			TypeCache.Refresh (117ms)
				TypeCache.ScanAssembly (108ms)
			ScanForSourceGeneratedMonoScriptInfo (0ms)
			ResolveRequiredComponents (0ms)
	FinalizeReload (453ms)
		ReleaseScriptCaches (0ms)
		RebuildScriptCaches (0ms)
		SetupLoadedEditorAssemblies (411ms)
			LogAssemblyErrors (0ms)
			InitializePlatformSupportModulesInManaged (284ms)
			SetLoadedEditorAssemblies (3ms)
			RefreshPlugins (0ms)
			BeforeProcessingInitializeOnLoad (2ms)
			ProcessInitializeOnLoadAttributes (88ms)
			ProcessInitializeOnLoadMethodAttributes (35ms)
			AfterProcessingInitializeOnLoad (0ms)
			EditorAssembliesLoaded (0ms)
		ExecutionOrderSort2 (0ms)
		AwakeInstancesAfterBackupRestoration (0ms)
========================================================================
Worker process is ready to serve import requests
Begin MonoManager ReloadAssembly
- Loaded All Assemblies, in  0.727 seconds
Refreshing native plugins compatible for Editor in 7.56 ms, found 4 plugins.
Native extension for WindowsStandalone target not found
Native extension for Android target not found
Native extension for WebGL target not found
Package Manager log level set to [2]
[Package Manager] Server::EnsureServerProcessIsRunning -- launch failed, reason: Unity was launched with the -noUpm command-line argument
[Package Manager] UpmClient::Send -- Unable to send message (not connected to UPM process).
[Package Manager] Cannot connect to Unity Package Manager local server
Mono: successfully reloaded assembly
- Finished resetting the current domain, in  0.697 seconds
Domain Reload Profiling: 1416ms
	BeginReloadAssembly (112ms)
		ExecutionOrderSort (0ms)
		DisableScriptedObjects (4ms)
		BackupInstance (0ms)
		ReleaseScriptingObjects (0ms)
		CreateAndSetChildDomain (17ms)
	RebuildCommonClasses (26ms)
	RebuildNativeTypeToScriptingClass (8ms)
	initialDomainReloadingComplete (42ms)
	LoadAllAssembliesAndSetupDomain (530ms)
		LoadAssemblies (365ms)
		RebuildTransferFunctionScriptingTraits (0ms)
		AnalyzeDomain (232ms)
			TypeCache.Refresh (194ms)
				TypeCache.ScanAssembly (177ms)
			ScanForSourceGeneratedMonoScriptInfo (27ms)
			ResolveRequiredComponents (10ms)
	FinalizeReload (698ms)
		ReleaseScriptCaches (0ms)
		RebuildScriptCaches (0ms)
		SetupLoadedEditorAssemblies (565ms)
			LogAssemblyErrors (0ms)
			InitializePlatformSupportModulesInManaged (20ms)
			SetLoadedEditorAssemblies (4ms)
			RefreshPlugins (0ms)
			BeforeProcessingInitializeOnLoad (81ms)
			ProcessInitializeOnLoadAttributes (396ms)
			ProcessInitializeOnLoadMethodAttributes (57ms)
			AfterProcessingInitializeOnLoad (7ms)
			EditorAssembliesLoaded (0ms)
		ExecutionOrderSort2 (0ms)
		AwakeInstancesAfterBackupRestoration (4ms)
Shader 'Custom/RainShader': fallback shader 'Particles/Alpha Blended' not found
Launched and connected shader compiler UnityShaderCompiler.exe after 0.03 seconds
Refreshing native plugins compatible for Editor in 6.81 ms, found 4 plugins.
Preloading 0 native plugins for Editor in 0.00 ms.
Unloading 6744 Unused Serialized files (Serialized files now loaded: 0)
Unloading 130 unused Assets / (0.8 MB). Loaded Objects now: 7218.
Memory consumption went from 364.7 MB to 363.9 MB.
Total: 3.772600 ms (FindLiveObjects: 0.404300 ms CreateObjectMapping: 0.157300 ms MarkObjects: 2.827400 ms  DeleteObjects: 0.382800 ms)

AssetImportParameters requested are different than current active one (requested -> active):
  custom:container-demuxer-ogg: 62fdf1f143b41e24485cea50d1cbac27 -> 
  custom:framework-win-MediaFoundation: 216162199b28c13a410421893ffa2e32 -> 
  custom:scripting/monoscript/fileName/EnvoManager.cs: 4581ba0fbe5bfe82884d4c9a6bee2034 -> 2dc10fa57d84fca58c4a9bfa8af38d7a
  custom:container-muxer-webm: aa71ff27fc2769a1b78a27578f13a17b -> 
  custom:video-decoder-webm-vp8: 9c59270c3fd7afecdb556c50c9e8de78 -> 
  custom:SearchIndexIgnoredProperties: e643bd26f0fe6173181afceb89e7c659 -> 
  custom:AudioImporter_EditorPlatform: d09bf68614088b80899f8185d706f6e7 -> 
  custom:audio-decoder-ogg-vorbis: bf7c407c2cedff20999df2af8eb42d56 -> 
  custom:audio-encoder-webm-vorbis: bf7c407c2cedff20999df2af8eb42d56 -> 
  custom:video-decoder-ogg-theora: a1e56fd34408186e4bbccfd4996cb3dc -> 
  custom:scripting/monoscript/fileName/RainManager.cs: 6f519e447f858de1d1116004f1c2030b -> c23e96145be99d7c7611077e6f0b2b77
  custom:CustomObjectIndexerAttribute: 0f5f72dab822025b0759b197a3119d15 -> 
  custom:container-demuxer-webm: 4f35f7cbe854078d1ac9338744f61a02 -> 
  custom:video-encoder-webm-vp8: eb34c28f22e8b96e1ab97ce403110664 -> 
========================================================================
Received Import Request.
  Time since last request: 392314.160276 seconds.
  path: Assets/Sumaiya Client/Slayer sprite sheets.rar
  artifactKey: Guid(4afcfda07f20c7d43b8e6129da156dac) Importer(815301076,1909f56bfc062723c751e8b465ee728b)
Start importing Assets/Sumaiya Client/Slayer sprite sheets.rar using Guid(4afcfda07f20c7d43b8e6129da156dac) Importer(815301076,1909f56bfc062723c751e8b465ee728b)  -> (artifact id: '5e79669572575dd58528fcf2c9e2713b') in 0.011475 seconds
Number of updated asset objects reloaded before import = 0
Number of asset objects unloaded after import = 1
========================================================================
Received Import Request.
  Time since last request: 17.969492 seconds.
  path: Assets/Materials
  artifactKey: Guid(797850867a28d8441bbae74d47045aca) Importer(815301076,1909f56bfc062723c751e8b465ee728b)
Start importing Assets/Materials using Guid(797850867a28d8441bbae74d47045aca) Importer(815301076,1909f56bfc062723c751e8b465ee728b)  -> (artifact id: 'f6486c81a3c8cdc3ae9fc2851b2e78db') in 0.000387 seconds
Number of updated asset objects reloaded before import = 0
Number of asset objects unloaded after import = 0
========================================================================
Received Prepare
Begin MonoManager ReloadAssembly
- Loaded All Assemblies, in  0.572 seconds
Refreshing native plugins compatible for Editor in 7.83 ms, found 4 plugins.
Native extension for WindowsStandalone target not found
Native extension for Android target not found
Native extension for WebGL target not found
[Package Manager] Server::EnsureServerProcessIsRunning -- launch failed, reason: Unity was launched with the -noUpm command-line argument
[Package Manager] UpmClient::Send -- Unable to send message (not connected to UPM process).
[Package Manager] Cannot connect to Unity Package Manager local server
Mono: successfully reloaded assembly
- Finished resetting the current domain, in  1.464 seconds
Domain Reload Profiling: 2029ms
	BeginReloadAssembly (159ms)
		ExecutionOrderSort (0ms)
		DisableScriptedObjects (9ms)
		BackupInstance (0ms)
		ReleaseScriptingObjects (0ms)
		CreateAndSetChildDomain (46ms)
	RebuildCommonClasses (26ms)
	RebuildNativeTypeToScriptingClass (13ms)
	initialDomainReloadingComplete (32ms)
	LoadAllAssembliesAndSetupDomain (336ms)
		LoadAssemblies (350ms)
		RebuildTransferFunctionScriptingTraits (0ms)
		AnalyzeDomain (57ms)
			TypeCache.Refresh (17ms)
				TypeCache.ScanAssembly (4ms)
			ScanForSourceGeneratedMonoScriptInfo (27ms)
			ResolveRequiredComponents (12ms)
	FinalizeReload (1464ms)
		ReleaseScriptCaches (0ms)
		RebuildScriptCaches (0ms)
		SetupLoadedEditorAssemblies (531ms)
			LogAssemblyErrors (0ms)
			InitializePlatformSupportModulesInManaged (23ms)
			SetLoadedEditorAssemblies (3ms)
			RefreshPlugins (0ms)
			BeforeProcessingInitializeOnLoad (82ms)
			ProcessInitializeOnLoadAttributes (359ms)
			ProcessInitializeOnLoadMethodAttributes (56ms)
			AfterProcessingInitializeOnLoad (9ms)
			EditorAssembliesLoaded (0ms)
		ExecutionOrderSort2 (0ms)
		AwakeInstancesAfterBackupRestoration (9ms)
Shader 'Custom/RainShader': fallback shader 'Particles/Alpha Blended' not found
Refreshing native plugins compatible for Editor in 9.26 ms, found 4 plugins.
Preloading 0 native plugins for Editor in 0.00 ms.
Unloading 6604 Unused Serialized files (Serialized files now loaded: 0)
Unloading 75 unused Assets / (0.8 MB). Loaded Objects now: 7236.
Memory consumption went from 332.1 MB to 331.3 MB.
Total: 5.436800 ms (FindLiveObjects: 0.479000 ms CreateObjectMapping: 0.168700 ms MarkObjects: 4.354300 ms  DeleteObjects: 0.433700 ms)

Prepare: number of updated asset objects reloaded= 0
AssetImportParameters requested are different than current active one (requested -> active):
  custom:container-demuxer-ogg: 62fdf1f143b41e24485cea50d1cbac27 -> 
  custom:framework-win-MediaFoundation: 216162199b28c13a410421893ffa2e32 -> 
  custom:scripting/monoscript/fileName/EnvoManager.cs: 4581ba0fbe5bfe82884d4c9a6bee2034 -> 2dc10fa57d84fca58c4a9bfa8af38d7a
  custom:container-muxer-webm: aa71ff27fc2769a1b78a27578f13a17b -> 
  custom:video-decoder-webm-vp8: 9c59270c3fd7afecdb556c50c9e8de78 -> 
  custom:SearchIndexIgnoredProperties: e643bd26f0fe6173181afceb89e7c659 -> 
  custom:AudioImporter_EditorPlatform: d09bf68614088b80899f8185d706f6e7 -> 
  custom:audio-decoder-ogg-vorbis: bf7c407c2cedff20999df2af8eb42d56 -> 
  custom:audio-encoder-webm-vorbis: bf7c407c2cedff20999df2af8eb42d56 -> 
  custom:video-decoder-ogg-theora: a1e56fd34408186e4bbccfd4996cb3dc -> 
  custom:scripting/monoscript/fileName/RainManager.cs: 6f519e447f858de1d1116004f1c2030b -> c23e96145be99d7c7611077e6f0b2b77
  custom:CustomObjectIndexerAttribute: 0f5f72dab822025b0759b197a3119d15 -> 
  custom:container-demuxer-webm: 4f35f7cbe854078d1ac9338744f61a02 -> 
  custom:video-encoder-webm-vp8: eb34c28f22e8b96e1ab97ce403110664 -> 
========================================================================
Received Import Request.
  Time since last request: 568.494377 seconds.
  path: Assets/ui/eNVO PNGS/Power Ups
  artifactKey: Guid(cf783107bc88ffe46b03c3a9b355079a) Importer(815301076,1909f56bfc062723c751e8b465ee728b)
Start importing Assets/ui/eNVO PNGS/Power Ups using Guid(cf783107bc88ffe46b03c3a9b355079a) Importer(815301076,1909f56bfc062723c751e8b465ee728b)  -> (artifact id: '25c34a1ea5327aa1b2eaeecc8d917ab2') in 0.007019 seconds
Number of updated asset objects reloaded before import = 0
Number of asset objects unloaded after import = 0
========================================================================
Received Import Request.
  Time since last request: 4.246478 seconds.
  path: Assets/ui/eNVO PNGS/hurdles/fly
  artifactKey: Guid(6acd07e43527c194493a99402512634a) Importer(815301076,1909f56bfc062723c751e8b465ee728b)
Start importing Assets/ui/eNVO PNGS/hurdles/fly using Guid(6acd07e43527c194493a99402512634a) Importer(815301076,1909f56bfc062723c751e8b465ee728b)  -> (artifact id: 'e01b50c1e07145296204f26874fe809b') in 0.000441 seconds
Number of updated asset objects reloaded before import = 0
Number of asset objects unloaded after import = 0
========================================================================
Received Import Request.
  Time since last request: 0.082744 seconds.
  path: Assets/ui/eNVO PNGS/hurdles/fly/1.png
  artifactKey: Guid(027d7de8b59bce249b2b3759b4fa0d3a) Importer(815301076,1909f56bfc062723c751e8b465ee728b)
Start importing Assets/ui/eNVO PNGS/hurdles/fly/1.png using Guid(027d7de8b59bce249b2b3759b4fa0d3a) Importer(815301076,1909f56bfc062723c751e8b465ee728b)  -> (artifact id: 'bacf813905d806cab6d6c82e224d5106') in 0.063381 seconds
Number of updated asset objects reloaded before import = 0
Number of asset objects unloaded after import = 3
========================================================================
Received Import Request.
  Time since last request: 0.000014 seconds.
  path: Assets/ui/eNVO PNGS/hurdles/fly/3.png
  artifactKey: Guid(98475f532c28e9d4481fc0cb1a84f0bd) Importer(815301076,1909f56bfc062723c751e8b465ee728b)
Start importing Assets/ui/eNVO PNGS/hurdles/fly/3.png using Guid(98475f532c28e9d4481fc0cb1a84f0bd) Importer(815301076,1909f56bfc062723c751e8b465ee728b)  -> (artifact id: '57ac977477ee88a9d373dc6e4c3fea91') in 0.026043 seconds
Number of updated asset objects reloaded before import = 0
Number of asset objects unloaded after import = 3
========================================================================
Received Import Request.
  Time since last request: 17.846822 seconds.
  path: Assets/Animations/spring 1.anim
  artifactKey: Guid(80cdedecd9c15ca469d21c88596c6247) Importer(815301076,1909f56bfc062723c751e8b465ee728b)
Start importing Assets/Animations/spring 1.anim using Guid(80cdedecd9c15ca469d21c88596c6247) Importer(815301076,1909f56bfc062723c751e8b465ee728b)  -> (artifact id: 'd91efa253f2b92033d5275157af45658') in 0.001125 seconds
Number of updated asset objects reloaded before import = 0
Number of asset objects unloaded after import = 1
========================================================================
Received Import Request.
  Time since last request: 5.040279 seconds.
  path: Assets/Animations/black fly.anim
  artifactKey: Guid(80cdedecd9c15ca469d21c88596c6247) Importer(815301076,1909f56bfc062723c751e8b465ee728b)
Start importing Assets/Animations/black fly.anim using Guid(80cdedecd9c15ca469d21c88596c6247) Importer(815301076,1909f56bfc062723c751e8b465ee728b)  -> (artifact id: '5822808ae9a2272c1d1cac952d3d4a86') in 0.000903 seconds
Number of updated asset objects reloaded before import = 0
Number of asset objects unloaded after import = 1
========================================================================
Received Import Request.
  Time since last request: 1.675554 seconds.
  path: Assets/Animations/Plant 2.controller
  artifactKey: Guid(0288c17ccc7b4a0428483bf0b20df27e) Importer(815301076,1909f56bfc062723c751e8b465ee728b)
Start importing Assets/Animations/Plant 2.controller using Guid(0288c17ccc7b4a0428483bf0b20df27e) Importer(815301076,1909f56bfc062723c751e8b465ee728b)  -> (artifact id: '0b51d9e9c8eed2b28077e9c037739f70') in 0.001852 seconds
Number of updated asset objects reloaded before import = 0
Number of asset objects unloaded after import = 4
========================================================================
Received Import Request.
  Time since last request: 0.601919 seconds.
  path: Assets/Animations/Plant 3.controller
  artifactKey: Guid(95c0443f52e88c7419e9d37f8560423a) Importer(815301076,1909f56bfc062723c751e8b465ee728b)
Start importing Assets/Animations/Plant 3.controller using Guid(95c0443f52e88c7419e9d37f8560423a) Importer(815301076,1909f56bfc062723c751e8b465ee728b)  -> (artifact id: '09b79e4af4591f7888222ea6e39c5e26') in 0.001100 seconds
Number of updated asset objects reloaded before import = 0
Number of asset objects unloaded after import = 4
========================================================================
Received Import Request.
  Time since last request: 5.637798 seconds.
  path: Assets/Animations/blaxck fly.controller
  artifactKey: Guid(95c0443f52e88c7419e9d37f8560423a) Importer(815301076,1909f56bfc062723c751e8b465ee728b)
Start importing Assets/Animations/blaxck fly.controller using Guid(95c0443f52e88c7419e9d37f8560423a) Importer(815301076,1909f56bfc062723c751e8b465ee728b)  -> (artifact id: '40b117b0cc428183774af6a0e2828e86') in 0.001317 seconds
Number of updated asset objects reloaded before import = 0
Number of asset objects unloaded after import = 4
========================================================================
Received Import Request.
  Time since last request: 10.275966 seconds.
  path: Assets/Animations/black fly.controller
  artifactKey: Guid(95c0443f52e88c7419e9d37f8560423a) Importer(815301076,1909f56bfc062723c751e8b465ee728b)
Start importing Assets/Animations/black fly.controller using Guid(95c0443f52e88c7419e9d37f8560423a) Importer(815301076,1909f56bfc062723c751e8b465ee728b)  -> (artifact id: '74b289c6ea48c14137d1a222593ddfac') in 0.001118 seconds
Number of updated asset objects reloaded before import = 0
Number of asset objects unloaded after import = 4
========================================================================
Received Import Request.
  Time since last request: 468.165661 seconds.
  path: Assets/Prefabs/black fly.prefab
  artifactKey: Guid(fa6504dc3cda1e0479985c0be7959e2c) Importer(815301076,1909f56bfc062723c751e8b465ee728b)
Start importing Assets/Prefabs/black fly.prefab using Guid(fa6504dc3cda1e0479985c0be7959e2c) Importer(815301076,1909f56bfc062723c751e8b465ee728b)  -> (artifact id: 'a12467eed5ccadd24cd6f79e1b761332') in 0.031648 seconds
Number of updated asset objects reloaded before import = 0
Number of asset objects unloaded after import = 16
========================================================================
Received Prepare
Begin MonoManager ReloadAssembly
- Loaded All Assemblies, in  0.491 seconds
Refreshing native plugins compatible for Editor in 7.87 ms, found 4 plugins.
Native extension for WindowsStandalone target not found
Native extension for Android target not found
Native extension for WebGL target not found
[Package Manager] Server::EnsureServerProcessIsRunning -- launch failed, reason: Unity was launched with the -noUpm command-line argument
[Package Manager] UpmClient::Send -- Unable to send message (not connected to UPM process).
[Package Manager] Cannot connect to Unity Package Manager local server
Mono: successfully reloaded assembly
- Finished resetting the current domain, in  1.573 seconds
Domain Reload Profiling: 2058ms
	BeginReloadAssembly (144ms)
		ExecutionOrderSort (0ms)
		DisableScriptedObjects (8ms)
		BackupInstance (0ms)
		ReleaseScriptingObjects (0ms)
		CreateAndSetChildDomain (42ms)
	RebuildCommonClasses (24ms)
	RebuildNativeTypeToScriptingClass (8ms)
	initialDomainReloadingComplete (29ms)
	LoadAllAssembliesAndSetupDomain (280ms)
		LoadAssemblies (324ms)
		RebuildTransferFunctionScriptingTraits (0ms)
		AnalyzeDomain (18ms)
			TypeCache.Refresh (6ms)
				TypeCache.ScanAssembly (0ms)
			ScanForSourceGeneratedMonoScriptInfo (0ms)
			ResolveRequiredComponents (11ms)
	FinalizeReload (1573ms)
		ReleaseScriptCaches (0ms)
		RebuildScriptCaches (0ms)
		SetupLoadedEditorAssemblies (648ms)
			LogAssemblyErrors (0ms)
			InitializePlatformSupportModulesInManaged (26ms)
			SetLoadedEditorAssemblies (3ms)
			RefreshPlugins (0ms)
			BeforeProcessingInitializeOnLoad (100ms)
			ProcessInitializeOnLoadAttributes (445ms)
			ProcessInitializeOnLoadMethodAttributes (64ms)
			AfterProcessingInitializeOnLoad (9ms)
			EditorAssembliesLoaded (0ms)
		ExecutionOrderSort2 (0ms)
		AwakeInstancesAfterBackupRestoration (12ms)
Shader 'Custom/RainShader': fallback shader 'Particles/Alpha Blended' not found
Refreshing native plugins compatible for Editor in 9.23 ms, found 4 plugins.
Preloading 0 native plugins for Editor in 0.00 ms.
Unloading 6604 Unused Serialized files (Serialized files now loaded: 0)
Unloading 75 unused Assets / (0.8 MB). Loaded Objects now: 7263.
Memory consumption went from 334.2 MB to 333.4 MB.
Total: 4.348300 ms (FindLiveObjects: 0.457000 ms CreateObjectMapping: 0.397100 ms MarkObjects: 3.005500 ms  DeleteObjects: 0.488200 ms)

Prepare: number of updated asset objects reloaded= 0
AssetImportParameters requested are different than current active one (requested -> active):
  custom:container-demuxer-ogg: 62fdf1f143b41e24485cea50d1cbac27 -> 
  custom:framework-win-MediaFoundation: 216162199b28c13a410421893ffa2e32 -> 
  custom:scripting/monoscript/fileName/EnvoManager.cs: 4581ba0fbe5bfe82884d4c9a6bee2034 -> 2dc10fa57d84fca58c4a9bfa8af38d7a
  custom:container-muxer-webm: aa71ff27fc2769a1b78a27578f13a17b -> 
  custom:video-decoder-webm-vp8: 9c59270c3fd7afecdb556c50c9e8de78 -> 
  custom:SearchIndexIgnoredProperties: e643bd26f0fe6173181afceb89e7c659 -> 
  custom:AudioImporter_EditorPlatform: d09bf68614088b80899f8185d706f6e7 -> 
  custom:audio-decoder-ogg-vorbis: bf7c407c2cedff20999df2af8eb42d56 -> 
  custom:audio-encoder-webm-vorbis: bf7c407c2cedff20999df2af8eb42d56 -> 
  custom:video-decoder-ogg-theora: a1e56fd34408186e4bbccfd4996cb3dc -> 
  custom:scripting/monoscript/fileName/RainManager.cs: 6f519e447f858de1d1116004f1c2030b -> c23e96145be99d7c7611077e6f0b2b77
  custom:CustomObjectIndexerAttribute: 0f5f72dab822025b0759b197a3119d15 -> 
  custom:container-demuxer-webm: 4f35f7cbe854078d1ac9338744f61a02 -> 
  custom:video-encoder-webm-vp8: eb34c28f22e8b96e1ab97ce403110664 -> 
========================================================================
Received Import Request.
  Time since last request: 77.268715 seconds.
  path: Assets/Prefabs/trees bg.prefab
  artifactKey: Guid(ef662069f9dfdd149a24a02b49104205) Importer(815301076,1909f56bfc062723c751e8b465ee728b)
Start importing Assets/Prefabs/trees bg.prefab using Guid(ef662069f9dfdd149a24a02b49104205) Importer(815301076,1909f56bfc062723c751e8b465ee728b)  -> (artifact id: 'b368e3f512abe03f201bb133a6c8ec38') in 0.089912 seconds
Number of updated asset objects reloaded before import = 0
Number of asset objects unloaded after import = 8
========================================================================
Received Import Request.
  Time since last request: 33.436907 seconds.
  path: Assets/Prefabs/trees bg.prefab
  artifactKey: Guid(ef662069f9dfdd149a24a02b49104205) Importer(815301076,1909f56bfc062723c751e8b465ee728b)
Start importing Assets/Prefabs/trees bg.prefab using Guid(ef662069f9dfdd149a24a02b49104205) Importer(815301076,1909f56bfc062723c751e8b465ee728b)  -> (artifact id: 'c5a9114da66750aca0d1b7fa46193ccb') in 0.056006 seconds
Number of updated asset objects reloaded before import = 0
Number of asset objects unloaded after import = 11
========================================================================
Received Import Request.
  Time since last request: 2.552214 seconds.
  path: Assets/Prefabs/trees bg.prefab
  artifactKey: Guid(ef662069f9dfdd149a24a02b49104205) Importer(815301076,1909f56bfc062723c751e8b465ee728b)
Start importing Assets/Prefabs/trees bg.prefab using Guid(ef662069f9dfdd149a24a02b49104205) Importer(815301076,1909f56bfc062723c751e8b465ee728b)  -> (artifact id: '629bf12c10b97cac329889de5fa80e04') in 0.026495 seconds
Number of updated asset objects reloaded before import = 0
Number of asset objects unloaded after import = 11
========================================================================
Received Import Request.
  Time since last request: 1.582101 seconds.
  path: Assets/Prefabs/trees bg.prefab
  artifactKey: Guid(ef662069f9dfdd149a24a02b49104205) Importer(815301076,1909f56bfc062723c751e8b465ee728b)
Start importing Assets/Prefabs/trees bg.prefab using Guid(ef662069f9dfdd149a24a02b49104205) Importer(815301076,1909f56bfc062723c751e8b465ee728b)  -> (artifact id: '5ec520f1943c37ea18b6bab50e574426') in 0.025712 seconds
Number of updated asset objects reloaded before import = 0
Number of asset objects unloaded after import = 11
========================================================================
Received Import Request.
  Time since last request: 2.784890 seconds.
  path: Assets/Prefabs/trees bg.prefab
  artifactKey: Guid(ef662069f9dfdd149a24a02b49104205) Importer(815301076,1909f56bfc062723c751e8b465ee728b)
Start importing Assets/Prefabs/trees bg.prefab using Guid(ef662069f9dfdd149a24a02b49104205) Importer(815301076,1909f56bfc062723c751e8b465ee728b)  -> (artifact id: 'd3a0c51b7d2f00be4e49acc2abcb862e') in 0.025074 seconds
Number of updated asset objects reloaded before import = 0
Number of asset objects unloaded after import = 11
========================================================================
Received Import Request.
  Time since last request: 13.890129 seconds.
  path: Assets/Prefabs/trees bg.prefab
  artifactKey: Guid(ef662069f9dfdd149a24a02b49104205) Importer(815301076,1909f56bfc062723c751e8b465ee728b)
Start importing Assets/Prefabs/trees bg.prefab using Guid(ef662069f9dfdd149a24a02b49104205) Importer(815301076,1909f56bfc062723c751e8b465ee728b)  -> (artifact id: 'e0f453447fa1374313cc3bf0b4bd1b96') in 0.025368 seconds
Number of updated asset objects reloaded before import = 0
Number of asset objects unloaded after import = 11
========================================================================
Received Import Request.
  Time since last request: 536.786830 seconds.
  path: Assets/2DGamekit/Art/Materials/VFX/Environment/AcidSplash.mat
  artifactKey: Guid(64e961b3074b8784eb44b53d72a489e1) Importer(815301076,1909f56bfc062723c751e8b465ee728b)
Start importing Assets/2DGamekit/Art/Materials/VFX/Environment/AcidSplash.mat using Guid(64e961b3074b8784eb44b53d72a489e1) Importer(815301076,1909f56bfc062723c751e8b465ee728b)  -> (artifact id: 'c89f12a0af72d01a40c3c6b2ea4dad92') in 0.040127 seconds
Number of updated asset objects reloaded before import = 0
Number of asset objects unloaded after import = 3
========================================================================
Received Import Request.
  Time since last request: 0.000017 seconds.
  path: Packages/com.unity.render-pipelines.universal/Runtime/Materials/ArnoldStandardSurface/ArnoldStandardSurfaceTransparent.shadergraph
  artifactKey: Guid(30fa68ce467463643a86b839ca0eb195) Importer(815301076,1909f56bfc062723c751e8b465ee728b)
Start importing Packages/com.unity.render-pipelines.universal/Runtime/Materials/ArnoldStandardSurface/ArnoldStandardSurfaceTransparent.shadergraph using Guid(30fa68ce467463643a86b839ca0eb195) Importer(815301076,1909f56bfc062723c751e8b465ee728b)  -> (artifact id: '457d6477e1d0a62d3f85780c81c115af') in 0.013907 seconds
Number of updated asset objects reloaded before import = 0
Number of asset objects unloaded after import = 2
========================================================================
Received Import Request.
  Time since last request: 0.000015 seconds.
  path: Assets/2DGamekit/Art/Materials/VFX/Ellen/BulletImpact.mat
  artifactKey: Guid(640671a219009724abda628f3fc3a28c) Importer(815301076,1909f56bfc062723c751e8b465ee728b)
Start importing Assets/2DGamekit/Art/Materials/VFX/Ellen/BulletImpact.mat using Guid(640671a219009724abda628f3fc3a28c) Importer(815301076,1909f56bfc062723c751e8b465ee728b)  -> (artifact id: '6b06a2deb6b967c1a858f05bcc57db8e') in 0.017982 seconds
Number of updated asset objects reloaded before import = 0
Number of asset objects unloaded after import = 2
========================================================================
Received Import Request.
  Time since last request: 0.000011 seconds.
  path: Assets/2DGamekit/Art/Materials/VFX/Environment/DynamicWater.mat
  artifactKey: Guid(c0f9abb8779e0b44ba39e524decb6a33) Importer(815301076,1909f56bfc062723c751e8b465ee728b)
Start importing Assets/2DGamekit/Art/Materials/VFX/Environment/DynamicWater.mat using Guid(c0f9abb8779e0b44ba39e524decb6a33) Importer(815301076,1909f56bfc062723c751e8b465ee728b)  -> (artifact id: '7a2a0ccbb07b67363850fa35de689425') in 0.013178 seconds
Number of updated asset objects reloaded before import = 0
Number of asset objects unloaded after import = 2
========================================================================
Received Import Request.
  Time since last request: 0.000016 seconds.
  path: Assets/2DGamekit/Art/Materials/VFX/Glow.mat
  artifactKey: Guid(4e5d31cb01fd7ce418bf692fcce23b50) Importer(815301076,1909f56bfc062723c751e8b465ee728b)
Start importing Assets/2DGamekit/Art/Materials/VFX/Glow.mat using Guid(4e5d31cb01fd7ce418bf692fcce23b50) Importer(815301076,1909f56bfc062723c751e8b465ee728b)  -> (artifact id: '2f7279e4bd9401e2bd3d1ef51fea03ba') in 0.005984 seconds
Number of updated asset objects reloaded before import = 0
Number of asset objects unloaded after import = 1
========================================================================
Received Import Request.
  Time since last request: 0.000011 seconds.
  path: Assets/2DGamekit/Art/Materials/Interactables/DoorGlow.mat
  artifactKey: Guid(6ba59f43cf1b8bc44b553d68206795af) Importer(815301076,1909f56bfc062723c751e8b465ee728b)
Start importing Assets/2DGamekit/Art/Materials/Interactables/DoorGlow.mat using Guid(6ba59f43cf1b8bc44b553d68206795af) Importer(815301076,1909f56bfc062723c751e8b465ee728b)  -> (artifact id: '9c522c04d08fb893851b9c0c94eaf97d') in 0.005120 seconds
Number of updated asset objects reloaded before import = 0
Number of asset objects unloaded after import = 1
========================================================================
Received Import Request.
  Time since last request: 0.000010 seconds.
  path: Assets/2DGamekit/Art/Materials/Enemies/EnemyBits.mat
  artifactKey: Guid(088f6c36a29f5de4bbe5ed8ca5e18186) Importer(815301076,1909f56bfc062723c751e8b465ee728b)
Start importing Assets/2DGamekit/Art/Materials/Enemies/EnemyBits.mat using Guid(088f6c36a29f5de4bbe5ed8ca5e18186) Importer(815301076,1909f56bfc062723c751e8b465ee728b)  -> (artifact id: 'c9c8dad734ff3a6bd1fe6d3f2bdfb842') in 0.014036 seconds
Number of updated asset objects reloaded before import = 0
Number of asset objects unloaded after import = 2
========================================================================
Received Import Request.
  Time since last request: 0.000012 seconds.
  path: Packages/com.unity.searcher/Editor/Resources/FlatSkin/Font/Roboto-MediumItalic.ttf
  artifactKey: Guid(d93c1bc57fdf1ac4dad1bf04fac05464) Importer(815301076,1909f56bfc062723c751e8b465ee728b)
Start importing Packages/com.unity.searcher/Editor/Resources/FlatSkin/Font/Roboto-MediumItalic.ttf using Guid(d93c1bc57fdf1ac4dad1bf04fac05464) Importer(815301076,1909f56bfc062723c751e8b465ee728b)  -> (artifact id: '7930e034a6db9c482a5fcdc24219dd35') in 0.023749 seconds
Number of updated asset objects reloaded before import = 0
Number of asset objects unloaded after import = 4
========================================================================
Received Import Request.
  Time since last request: 0.000014 seconds.
  path: Assets/2DGamekit/Utilities/Fonts/Rajdhani/Rajdhani-Regular.ttf
  artifactKey: Guid(09e331ca2f11a354696f42260d750f7a) Importer(815301076,1909f56bfc062723c751e8b465ee728b)
Start importing Assets/2DGamekit/Utilities/Fonts/Rajdhani/Rajdhani-Regular.ttf using Guid(09e331ca2f11a354696f42260d750f7a) Importer(815301076,1909f56bfc062723c751e8b465ee728b)  -> (artifact id: '6833cfada2dbe41b9bf85d8254ba9d7f') in 0.008439 seconds
Number of updated asset objects reloaded before import = 0
Number of asset objects unloaded after import = 4
========================================================================
Received Import Request.
  Time since last request: 0.000023 seconds.
  path: Packages/com.unity.searcher/Editor/Resources/FlatSkin/Font/Roboto-Black.ttf
  artifactKey: Guid(1062c701058745940ae5dca6219c64c8) Importer(815301076,1909f56bfc062723c751e8b465ee728b)
Start importing Packages/com.unity.searcher/Editor/Resources/FlatSkin/Font/Roboto-Black.ttf using Guid(1062c701058745940ae5dca6219c64c8) Importer(815301076,1909f56bfc062723c751e8b465ee728b)  -> (artifact id: 'ad0c7b88b26b3278588b3825fb12ca22') in 0.008860 seconds
Number of updated asset objects reloaded before import = 0
Number of asset objects unloaded after import = 4
========================================================================
Received Import Request.
  Time since last request: 0.000011 seconds.
  path: Assets/2DGamekit/Art/Materials/VFX/Ellen/DustPuff.mat
  artifactKey: Guid(e5bdc7bae15102048b57321d68c45c8a) Importer(815301076,1909f56bfc062723c751e8b465ee728b)
Start importing Assets/2DGamekit/Art/Materials/VFX/Ellen/DustPuff.mat using Guid(e5bdc7bae15102048b57321d68c45c8a) Importer(815301076,1909f56bfc062723c751e8b465ee728b)  -> (artifact id: 'e697e7c41065d4b2a9077538a4f5cc2c') in 0.011667 seconds
Number of updated asset objects reloaded before import = 0
Number of asset objects unloaded after import = 2
========================================================================
Received Import Request.
  Time since last request: 0.000010 seconds.
  path: Packages/com.unity.render-pipelines.core/Runtime/Debugging/Prefabs/Fonts/PerfectDOSVGA437.ttf
  artifactKey: Guid(74a5091d8707f334b9a5c31ef71a64ba) Importer(815301076,1909f56bfc062723c751e8b465ee728b)
Start importing Packages/com.unity.render-pipelines.core/Runtime/Debugging/Prefabs/Fonts/PerfectDOSVGA437.ttf using Guid(74a5091d8707f334b9a5c31ef71a64ba) Importer(815301076,1909f56bfc062723c751e8b465ee728b)  -> (artifact id: '64caf3991fd7095dc8bb2f2fac651e33') in 0.008104 seconds
Number of updated asset objects reloaded before import = 0
Number of asset objects unloaded after import = 4
========================================================================
Received Import Request.
  Time since last request: 0.000012 seconds.
  path: Packages/com.unity.searcher/Editor/Resources/FlatSkin/Font/Roboto-BlackItalic.ttf
  artifactKey: Guid(f95147a9bab9fe649b8070170fa7ebd2) Importer(815301076,1909f56bfc062723c751e8b465ee728b)
Start importing Packages/com.unity.searcher/Editor/Resources/FlatSkin/Font/Roboto-BlackItalic.ttf using Guid(f95147a9bab9fe649b8070170fa7ebd2) Importer(815301076,1909f56bfc062723c751e8b465ee728b)  -> (artifact id: '3d8b3ae5933f054dc262a281cba290ab') in 0.008728 seconds
Number of updated asset objects reloaded before import = 0
Number of asset objects unloaded after import = 4
========================================================================
Received Import Request.
  Time since last request: 0.000011 seconds.
  path: Packages/com.unity.render-pipelines.universal/Runtime/Materials/ArnoldStandardSurface/ArnoldStandardSurface.shadergraph
  artifactKey: Guid(3739e562a03fc0b4982d8aa66cc50865) Importer(815301076,1909f56bfc062723c751e8b465ee728b)
Start importing Packages/com.unity.render-pipelines.universal/Runtime/Materials/ArnoldStandardSurface/ArnoldStandardSurface.shadergraph using Guid(3739e562a03fc0b4982d8aa66cc50865) Importer(815301076,1909f56bfc062723c751e8b465ee728b)  -> (artifact id: '0ccc3b3011f8f74f7913f2e3079a2823') in 0.006043 seconds
Number of updated asset objects reloaded before import = 0
Number of asset objects unloaded after import = 2
========================================================================
Received Import Request.
  Time since last request: 0.000013 seconds.
  path: Packages/com.unity.searcher/Editor/Resources/FlatSkin/Font/Roboto-Bold.ttf
  artifactKey: Guid(3750c318f40cab44a97d3a81beaefeb3) Importer(815301076,1909f56bfc062723c751e8b465ee728b)
Start importing Packages/com.unity.searcher/Editor/Resources/FlatSkin/Font/Roboto-Bold.ttf using Guid(3750c318f40cab44a97d3a81beaefeb3) Importer(815301076,1909f56bfc062723c751e8b465ee728b)  -> (artifact id: 'cf94ed0e8fed916d045fb22d64b7656c') in 0.007854 seconds
Number of updated asset objects reloaded before import = 0
Number of asset objects unloaded after import = 4
========================================================================
Received Import Request.
  Time since last request: 0.000014 seconds.
  path: Assets/2DGamekit/Art/Materials/Enemies/GunnerBeamEffect.mat
  artifactKey: Guid(dbfb059e3e36edf4294f9cff03bb0363) Importer(815301076,1909f56bfc062723c751e8b465ee728b)
Start importing Assets/2DGamekit/Art/Materials/Enemies/GunnerBeamEffect.mat using Guid(dbfb059e3e36edf4294f9cff03bb0363) Importer(815301076,1909f56bfc062723c751e8b465ee728b)  -> (artifact id: 'a0e57831eee929c5effb9c256a499e05') in 0.008245 seconds
Number of updated asset objects reloaded before import = 0
Number of asset objects unloaded after import = 2
========================================================================
Received Import Request.
  Time since last request: 0.000011 seconds.
  path: Assets/2DGamekit/Utilities/Fonts/Rajdhani/Rajdhani-Light.ttf
  artifactKey: Guid(e44bb575ee780e84e98f1e161744eb85) Importer(815301076,1909f56bfc062723c751e8b465ee728b)
Start importing Assets/2DGamekit/Utilities/Fonts/Rajdhani/Rajdhani-Light.ttf using Guid(e44bb575ee780e84e98f1e161744eb85) Importer(815301076,1909f56bfc062723c751e8b465ee728b)  -> (artifact id: 'd5fde73e9bb50eb7cee5699843c51490') in 0.008369 seconds
Number of updated asset objects reloaded before import = 0
Number of asset objects unloaded after import = 4
========================================================================
Received Import Request.
  Time since last request: 0.000010 seconds.
  path: Assets/2DGamekit/Art/Materials/VFX/Enemies/Chomper/BiteEffect.mat
  artifactKey: Guid(c9186295b913db34c9aa38065944926f) Importer(815301076,1909f56bfc062723c751e8b465ee728b)
Start importing Assets/2DGamekit/Art/Materials/VFX/Enemies/Chomper/BiteEffect.mat using Guid(c9186295b913db34c9aa38065944926f) Importer(815301076,1909f56bfc062723c751e8b465ee728b)  -> (artifact id: '4c28ef9b2011871218c6613c0d3e6af1') in 0.011093 seconds
Number of updated asset objects reloaded before import = 0
Number of asset objects unloaded after import = 2
========================================================================
Received Import Request.
  Time since last request: 0.000011 seconds.
  path: Packages/com.unity.searcher/Editor/Resources/FlatSkin/Font/Roboto-Italic.ttf
  artifactKey: Guid(c839255fc8f6b4b4d90bf8c1af9f9bd1) Importer(815301076,1909f56bfc062723c751e8b465ee728b)
Start importing Packages/com.unity.searcher/Editor/Resources/FlatSkin/Font/Roboto-Italic.ttf using Guid(c839255fc8f6b4b4d90bf8c1af9f9bd1) Importer(815301076,1909f56bfc062723c751e8b465ee728b)  -> (artifact id: 'ef95625b10978cf7a0ed329b269de6ea') in 0.007527 seconds
Number of updated asset objects reloaded before import = 0
Number of asset objects unloaded after import = 4
========================================================================
Received Import Request.
  Time since last request: 0.000025 seconds.
  path: Packages/com.unity.searcher/Editor/Resources/FlatSkin/Font/Roboto-ThinItalic.ttf
  artifactKey: Guid(b2ea3b3f1765e544b9eb5bd1a93a91ce) Importer(815301076,1909f56bfc062723c751e8b465ee728b)
Start importing Packages/com.unity.searcher/Editor/Resources/FlatSkin/Font/Roboto-ThinItalic.ttf using Guid(b2ea3b3f1765e544b9eb5bd1a93a91ce) Importer(815301076,1909f56bfc062723c751e8b465ee728b)  -> (artifact id: 'e09abb6fe60c26be116a2b560c09e2d0') in 0.007665 seconds
Number of updated asset objects reloaded before import = 0
Number of asset objects unloaded after import = 4
========================================================================
Received Import Request.
  Time since last request: 0.000013 seconds.
  path: Assets/RainMaker/Demo/GrayMaterial.mat
  artifactKey: Guid(fb89a550e9ade2b4ab6d5d17a5195c75) Importer(815301076,1909f56bfc062723c751e8b465ee728b)
Start importing Assets/RainMaker/Demo/GrayMaterial.mat using Guid(fb89a550e9ade2b4ab6d5d17a5195c75) Importer(815301076,1909f56bfc062723c751e8b465ee728b)  -> (artifact id: '7719c76d68de6dbbd3fc32c570fcd585') in 0.014399 seconds
Number of updated asset objects reloaded before import = 0
Number of asset objects unloaded after import = 1
========================================================================
Received Import Request.
  Time since last request: 0.000014 seconds.
  path: Assets/2DGamekit/Art/Materials/Environment/Dropship.mat
  artifactKey: Guid(df641fe2d1a44e847ada59a65b6b99a4) Importer(815301076,1909f56bfc062723c751e8b465ee728b)
Start importing Assets/2DGamekit/Art/Materials/Environment/Dropship.mat using Guid(df641fe2d1a44e847ada59a65b6b99a4) Importer(815301076,1909f56bfc062723c751e8b465ee728b)  -> (artifact id: '6f7a0c8579c0b266cce4fc641e7101d7') in 0.053338 seconds
Number of updated asset objects reloaded before import = 0
Number of asset objects unloaded after import = 3
========================================================================
Received Import Request.
  Time since last request: 0.000016 seconds.
  path: Assets/2DGamekit/Art/Materials/VFX/Ellen/EllenHurt.mat
  artifactKey: Guid(85ca70dfb4d675143b31965eff3bf3c5) Importer(815301076,1909f56bfc062723c751e8b465ee728b)
Start importing Assets/2DGamekit/Art/Materials/VFX/Ellen/EllenHurt.mat using Guid(85ca70dfb4d675143b31965eff3bf3c5) Importer(815301076,1909f56bfc062723c751e8b465ee728b)  -> (artifact id: 'f1c6736f602e2269670a792dd6ad1f3a') in 0.005373 seconds
Number of updated asset objects reloaded before import = 0
Number of asset objects unloaded after import = 1
========================================================================
Received Import Request.
  Time since last request: 0.000019 seconds.
  path: Assets/2DGamekit/Utilities/Fonts/Rajdhani/Rajdhani-Medium.ttf
  artifactKey: Guid(d151d0faf225b2f41be85322a8c28666) Importer(815301076,1909f56bfc062723c751e8b465ee728b)
Start importing Assets/2DGamekit/Utilities/Fonts/Rajdhani/Rajdhani-Medium.ttf using Guid(d151d0faf225b2f41be85322a8c28666) Importer(815301076,1909f56bfc062723c751e8b465ee728b)  -> (artifact id: 'f9c8743b33fdc28a7044b814c13b7c5b') in 0.008259 seconds
Number of updated asset objects reloaded before import = 0
Number of asset objects unloaded after import = 4
========================================================================
Received Import Request.
  Time since last request: 0.000011 seconds.
  path: Packages/com.unity.searcher/Editor/Resources/FlatSkin/Font/Roboto-BoldItalic.ttf
  artifactKey: Guid(dfb97a9307a577a41bcacba34b9a7e32) Importer(815301076,1909f56bfc062723c751e8b465ee728b)
Start importing Packages/com.unity.searcher/Editor/Resources/FlatSkin/Font/Roboto-BoldItalic.ttf using Guid(dfb97a9307a577a41bcacba34b9a7e32) Importer(815301076,1909f56bfc062723c751e8b465ee728b)  -> (artifact id: '875983befa506ebf03bedb26fa8bd757') in 0.007874 seconds
Number of updated asset objects reloaded before import = 0
Number of asset objects unloaded after import = 4
========================================================================
Received Import Request.
  Time since last request: 2.278788 seconds.
  path: Assets/2DGamekit/Art/Materials/Enemies/GunnerProjectileHit2.mat
  artifactKey: Guid(72bf409812def7e4d90f825863838a91) Importer(815301076,1909f56bfc062723c751e8b465ee728b)
Start importing Assets/2DGamekit/Art/Materials/Enemies/GunnerProjectileHit2.mat using Guid(72bf409812def7e4d90f825863838a91) Importer(815301076,1909f56bfc062723c751e8b465ee728b)  -> (artifact id: 'f8cfbd1ed87881653fae3c1098a449b8') in 0.006729 seconds
Number of updated asset objects reloaded before import = 0
Number of asset objects unloaded after import = 1
========================================================================
Received Import Request.
  Time since last request: 0.000012 seconds.
  path: Assets/CharacterEditorPackage/Materials/Jetpack.mat
  artifactKey: Guid(5548da7e57831e648a25ab621d062c95) Importer(815301076,1909f56bfc062723c751e8b465ee728b)
Start importing Assets/CharacterEditorPackage/Materials/Jetpack.mat using Guid(5548da7e57831e648a25ab621d062c95) Importer(815301076,1909f56bfc062723c751e8b465ee728b)  -> (artifact id: '46b438010dcaa3f10dd7d8acba9c81f8') in 0.148192 seconds
Number of updated asset objects reloaded before import = 0
Number of asset objects unloaded after import = 1
========================================================================
Received Import Request.
  Time since last request: 0.000014 seconds.
  path: Assets/TextMesh Pro/Resources/Fonts & Materials/LiberationSans SDF - Outline.mat
  artifactKey: Guid(79459efec17a4d00a321bdcc27bbc385) Importer(815301076,1909f56bfc062723c751e8b465ee728b)
Start importing Assets/TextMesh Pro/Resources/Fonts & Materials/LiberationSans SDF - Outline.mat using Guid(79459efec17a4d00a321bdcc27bbc385) Importer(815301076,1909f56bfc062723c751e8b465ee728b)  -> (artifact id: 'dec35c40267415ab061522a86e48af00') in 0.069761 seconds
Number of updated asset objects reloaded before import = 0
Number of asset objects unloaded after import = 2
========================================================================
Received Import Request.
  Time since last request: 0.000026 seconds.
  path: Assets/2DGamekit/Art/Materials/Environment/LitWobble.mat
  artifactKey: Guid(4250e4397f75a78439f4a70b2eb0843c) Importer(815301076,1909f56bfc062723c751e8b465ee728b)
Start importing Assets/2DGamekit/Art/Materials/Environment/LitWobble.mat using Guid(4250e4397f75a78439f4a70b2eb0843c) Importer(815301076,1909f56bfc062723c751e8b465ee728b)  -> (artifact id: 'f2f62cd967dbf67e738fe73d90a26ee9') in 0.007175 seconds
Number of updated asset objects reloaded before import = 0
Number of asset objects unloaded after import = 2
========================================================================
Received Import Request.
  Time since last request: 0.000015 seconds.
  path: Assets/Enviroment/Resources/vfx/materials/mtl_quads_spritelist_triangle.mat
  artifactKey: Guid(53e7365401e36fe41a23f9a840db77e0) Importer(815301076,1909f56bfc062723c751e8b465ee728b)
Start importing Assets/Enviroment/Resources/vfx/materials/mtl_quads_spritelist_triangle.mat using Guid(53e7365401e36fe41a23f9a840db77e0) Importer(815301076,1909f56bfc062723c751e8b465ee728b)  -> (artifact id: '0e98164e6533c1192ab528c4d43af6f5') in 0.024189 seconds
Number of updated asset objects reloaded before import = 0
Number of asset objects unloaded after import = 2
========================================================================
Received Import Request.
  Time since last request: 0.000014 seconds.
  path: Assets/2DGamekit/Art/Materials/Interactables/LitTeleporter.mat
  artifactKey: Guid(dfaf72943d53ef44192730ae8dcb09e5) Importer(815301076,1909f56bfc062723c751e8b465ee728b)
Start importing Assets/2DGamekit/Art/Materials/Interactables/LitTeleporter.mat using Guid(dfaf72943d53ef44192730ae8dcb09e5) Importer(815301076,1909f56bfc062723c751e8b465ee728b)  -> (artifact id: '9bd83ac3eb21cdc982e55a1842017d42') in 0.022742 seconds
Number of updated asset objects reloaded before import = 0
Number of asset objects unloaded after import = 3
========================================================================
Received Import Request.
  Time since last request: 0.000012 seconds.
  path: Assets/Enviroment/Resources/vfx/materials/mtl_arrow.mat
  artifactKey: Guid(b5b75e35f64d9e64993ccef9475fcdce) Importer(815301076,1909f56bfc062723c751e8b465ee728b)
Start importing Assets/Enviroment/Resources/vfx/materials/mtl_arrow.mat using Guid(b5b75e35f64d9e64993ccef9475fcdce) Importer(815301076,1909f56bfc062723c751e8b465ee728b)  -> (artifact id: '3af6f0f371cec10f6b66e84806447132') in 0.042243 seconds
Number of updated asset objects reloaded before import = 0
Number of asset objects unloaded after import = 2
========================================================================
Received Import Request.
  Time since last request: 0.000015 seconds.
  path: Assets/TextMesh Pro/Resources/Fonts & Materials/LiberationSans SDF - Drop Shadow.mat
  artifactKey: Guid(e73a58f6e2794ae7b1b7e50b7fb811b0) Importer(815301076,1909f56bfc062723c751e8b465ee728b)
Start importing Assets/TextMesh Pro/Resources/Fonts & Materials/LiberationSans SDF - Drop Shadow.mat using Guid(e73a58f6e2794ae7b1b7e50b7fb811b0) Importer(815301076,1909f56bfc062723c751e8b465ee728b)  -> (artifact id: '1ad71abf8caf0d23a189e509a25e9d95') in 0.065791 seconds
Number of updated asset objects reloaded before import = 0
Number of asset objects unloaded after import = 2
========================================================================
Received Import Request.
  Time since last request: 0.000015 seconds.
  path: Assets/2DGamekit/Art/Materials/Interactables/MovingPlatform.mat
  artifactKey: Guid(926289aa8ad55294196e9dd90e16a9ed) Importer(815301076,1909f56bfc062723c751e8b465ee728b)
Start importing Assets/2DGamekit/Art/Materials/Interactables/MovingPlatform.mat using Guid(926289aa8ad55294196e9dd90e16a9ed) Importer(815301076,1909f56bfc062723c751e8b465ee728b)  -> (artifact id: 'daa6994f84eb058bd537eb5474b21de8') in 0.148701 seconds
Number of updated asset objects reloaded before import = 0
Number of asset objects unloaded after import = 5
========================================================================
Received Import Request.
  Time since last request: 0.000013 seconds.
  path: Assets/2DGamekit/Art/Materials/VFX/Enemies/Gunner/Lightning.mat
  artifactKey: Guid(c5d072348317bd947bfb0130940546c2) Importer(815301076,1909f56bfc062723c751e8b465ee728b)
Start importing Assets/2DGamekit/Art/Materials/VFX/Enemies/Gunner/Lightning.mat using Guid(c5d072348317bd947bfb0130940546c2) Importer(815301076,1909f56bfc062723c751e8b465ee728b)  -> (artifact id: '3d3fdd6b72928dc9b3c5df2aa4b31592') in 0.021483 seconds
Number of updated asset objects reloaded before import = 0
Number of asset objects unloaded after import = 2
========================================================================
Received Import Request.
  Time since last request: 0.000023 seconds.
  path: Assets/Enviroment/Resources/vfx/materials/mtl_arrow_011.mat
  artifactKey: Guid(6a069bbca11f1b447ad4f36fd41e5095) Importer(815301076,1909f56bfc062723c751e8b465ee728b)
Start importing Assets/Enviroment/Resources/vfx/materials/mtl_arrow_011.mat using Guid(6a069bbca11f1b447ad4f36fd41e5095) Importer(815301076,1909f56bfc062723c751e8b465ee728b)  -> (artifact id: 'd83e284c2533437c850ed7cbd4c90d26') in 0.036398 seconds
Number of updated asset objects reloaded before import = 0
Number of asset objects unloaded after import = 2
========================================================================
Received Import Request.
  Time since last request: 0.000015 seconds.
  path: Assets/Enviroment/Resources/vfx/materials/mtl_arc.mat
  artifactKey: Guid(9c84a78aed385ec4e99ba563df59b6c5) Importer(815301076,1909f56bfc062723c751e8b465ee728b)
Start importing Assets/Enviroment/Resources/vfx/materials/mtl_arc.mat using Guid(9c84a78aed385ec4e99ba563df59b6c5) Importer(815301076,1909f56bfc062723c751e8b465ee728b)  -> (artifact id: '93d2ac3ca605cf9a7a33fe8f99d498bd') in 0.021228 seconds
Number of updated asset objects reloaded before import = 0
Number of asset objects unloaded after import = 2
========================================================================
Received Import Request.
  Time since last request: 0.000014 seconds.
  path: Assets/2DGamekit/Art/Materials/Interactables/MovingPlatformAlien.mat
  artifactKey: Guid(10dfd801f2044ff4a865e2c633cfb0e0) Importer(815301076,1909f56bfc062723c751e8b465ee728b)
Start importing Assets/2DGamekit/Art/Materials/Interactables/MovingPlatformAlien.mat using Guid(10dfd801f2044ff4a865e2c633cfb0e0) Importer(815301076,1909f56bfc062723c751e8b465ee728b)  -> (artifact id: '03751a04f5a88eb1ae75fb9aa2dbb5a4') in 0.037941 seconds
Number of updated asset objects reloaded before import = 0
Number of asset objects unloaded after import = 5
========================================================================
Received Import Request.
  Time since last request: 0.000018 seconds.
  path: Assets/2DGamekit/Art/Materials/VFX/Interactables/HealingGlobe.mat
  artifactKey: Guid(4f6e1aa50df99604fb7b0a1d3fe6107b) Importer(815301076,1909f56bfc062723c751e8b465ee728b)
Start importing Assets/2DGamekit/Art/Materials/VFX/Interactables/HealingGlobe.mat using Guid(4f6e1aa50df99604fb7b0a1d3fe6107b) Importer(815301076,1909f56bfc062723c751e8b465ee728b)  -> (artifact id: '6e76488e4f4c744052768e7f6d1947b5') in 0.006788 seconds
Number of updated asset objects reloaded before import = 0
Number of asset objects unloaded after import = 1
========================================================================
Received Import Request.
  Time since last request: 0.000014 seconds.
  path: Assets/Enviroment/Resources/vfx/materials/mtl_glow_1.mat
  artifactKey: Guid(a1867c48fd1fde5419cd1f9c93773daf) Importer(815301076,1909f56bfc062723c751e8b465ee728b)
Start importing Assets/Enviroment/Resources/vfx/materials/mtl_glow_1.mat using Guid(a1867c48fd1fde5419cd1f9c93773daf) Importer(815301076,1909f56bfc062723c751e8b465ee728b)  -> (artifact id: 'f4b617a3613e9bdd43ac41cf4d1440c6') in 0.067176 seconds
Number of updated asset objects reloaded before import = 0
Number of asset objects unloaded after import = 2
========================================================================
Received Import Request.
  Time since last request: 0.000017 seconds.
  path: Assets/2DGamekit/Art/Materials/Environment/LitTileRock.mat
  artifactKey: Guid(0b5df3b23f3993d45a18f88d8815665d) Importer(815301076,1909f56bfc062723c751e8b465ee728b)
Start importing Assets/2DGamekit/Art/Materials/Environment/LitTileRock.mat using Guid(0b5df3b23f3993d45a18f88d8815665d) Importer(815301076,1909f56bfc062723c751e8b465ee728b)  -> (artifact id: '610e91ad894c83f7b9d966a64cdbec8e') in 0.051266 seconds
Number of updated asset objects reloaded before import = 0
Number of asset objects unloaded after import = 2
========================================================================
Received Import Request.
  Time since last request: 0.000018 seconds.
  path: Assets/2DGamekit/Art/Materials/Environment/Mist.mat
  artifactKey: Guid(950a064d8c061b046a30fcdad799f81a) Importer(815301076,1909f56bfc062723c751e8b465ee728b)
Start importing Assets/2DGamekit/Art/Materials/Environment/Mist.mat using Guid(950a064d8c061b046a30fcdad799f81a) Importer(815301076,1909f56bfc062723c751e8b465ee728b)  -> (artifact id: '5f307e6aff8dd1fb580c1600eb88745b') in 0.134954 seconds
Number of updated asset objects reloaded before import = 0
Number of asset objects unloaded after import = 2
========================================================================
Received Import Request.
  Time since last request: 0.000014 seconds.
  path: Assets/Enviroment/Resources/vfx/materials/mtl_quadroArrow.mat
  artifactKey: Guid(8d188bde06de0a6419b3066337ad02aa) Importer(815301076,1909f56bfc062723c751e8b465ee728b)
Start importing Assets/Enviroment/Resources/vfx/materials/mtl_quadroArrow.mat using Guid(8d188bde06de0a6419b3066337ad02aa) Importer(815301076,1909f56bfc062723c751e8b465ee728b)  -> (artifact id: 'd508a760ad14fe14d9607a03dfeadfef') in 0.019361 seconds
Number of updated asset objects reloaded before import = 0
Number of asset objects unloaded after import = 2
========================================================================
Received Import Request.
  Time since last request: 0.000012 seconds.
  path: Assets/2DGamekit/Art/Materials/VFX/Ellen/JumpEffect.mat
  artifactKey: Guid(ec5e4ac8b7092944198a08557485952d) Importer(815301076,1909f56bfc062723c751e8b465ee728b)
Start importing Assets/2DGamekit/Art/Materials/VFX/Ellen/JumpEffect.mat using Guid(ec5e4ac8b7092944198a08557485952d) Importer(815301076,1909f56bfc062723c751e8b465ee728b)  -> (artifact id: '26843fcf6d6410bf73e82689209e1b6c') in 0.012203 seconds
Number of updated asset objects reloaded before import = 0
Number of asset objects unloaded after import = 2
========================================================================
Received Prepare
Begin MonoManager ReloadAssembly
- Loaded All Assemblies, in  0.484 seconds
Refreshing native plugins compatible for Editor in 7.16 ms, found 4 plugins.
Native extension for WindowsStandalone target not found
Native extension for Android target not found
Native extension for WebGL target not found
[Package Manager] Server::EnsureServerProcessIsRunning -- launch failed, reason: Unity was launched with the -noUpm command-line argument
[Package Manager] UpmClient::Send -- Unable to send message (not connected to UPM process).
[Package Manager] Cannot connect to Unity Package Manager local server
Mono: successfully reloaded assembly
- Finished resetting the current domain, in  1.632 seconds
Domain Reload Profiling: 2110ms
	BeginReloadAssembly (143ms)
		ExecutionOrderSort (0ms)
		DisableScriptedObjects (8ms)
		BackupInstance (0ms)
		ReleaseScriptingObjects (0ms)
		CreateAndSetChildDomain (41ms)
	RebuildCommonClasses (25ms)
	RebuildNativeTypeToScriptingClass (8ms)
	initialDomainReloadingComplete (28ms)
	LoadAllAssembliesAndSetupDomain (274ms)
		LoadAssemblies (318ms)
		RebuildTransferFunctionScriptingTraits (0ms)
		AnalyzeDomain (18ms)
			TypeCache.Refresh (6ms)
				TypeCache.ScanAssembly (0ms)
			ScanForSourceGeneratedMonoScriptInfo (0ms)
			ResolveRequiredComponents (11ms)
	FinalizeReload (1632ms)
		ReleaseScriptCaches (0ms)
		RebuildScriptCaches (0ms)
		SetupLoadedEditorAssemblies (674ms)
			LogAssemblyErrors (0ms)
			InitializePlatformSupportModulesInManaged (36ms)
			SetLoadedEditorAssemblies (4ms)
			RefreshPlugins (0ms)
			BeforeProcessingInitializeOnLoad (107ms)
			ProcessInitializeOnLoadAttributes (455ms)
			ProcessInitializeOnLoadMethodAttributes (63ms)
			AfterProcessingInitializeOnLoad (9ms)
			EditorAssembliesLoaded (0ms)
		ExecutionOrderSort2 (0ms)
		AwakeInstancesAfterBackupRestoration (10ms)
Shader 'Custom/RainShader': fallback shader 'Particles/Alpha Blended' not found
Refreshing native plugins compatible for Editor in 10.18 ms, found 4 plugins.
Preloading 0 native plugins for Editor in 0.00 ms.
Unloading 6604 Unused Serialized files (Serialized files now loaded: 0)
Unloading 76 unused Assets / (0.8 MB). Loaded Objects now: 7316.
Memory consumption went from 336.6 MB to 335.8 MB.
Total: 4.346500 ms (FindLiveObjects: 0.433600 ms CreateObjectMapping: 0.350300 ms MarkObjects: 3.133300 ms  DeleteObjects: 0.428800 ms)

Prepare: number of updated asset objects reloaded= 0
AssetImportParameters requested are different than current active one (requested -> active):
  custom:container-demuxer-ogg: 62fdf1f143b41e24485cea50d1cbac27 -> 
  custom:framework-win-MediaFoundation: 216162199b28c13a410421893ffa2e32 -> 
  custom:scripting/monoscript/fileName/EnvoManager.cs: 4581ba0fbe5bfe82884d4c9a6bee2034 -> 2dc10fa57d84fca58c4a9bfa8af38d7a
  custom:container-muxer-webm: aa71ff27fc2769a1b78a27578f13a17b -> 
  custom:video-decoder-webm-vp8: 9c59270c3fd7afecdb556c50c9e8de78 -> 
  custom:SearchIndexIgnoredProperties: e643bd26f0fe6173181afceb89e7c659 -> 
  custom:AudioImporter_EditorPlatform: d09bf68614088b80899f8185d706f6e7 -> 
  custom:audio-decoder-ogg-vorbis: bf7c407c2cedff20999df2af8eb42d56 -> 
  custom:audio-encoder-webm-vorbis: bf7c407c2cedff20999df2af8eb42d56 -> 
  custom:video-decoder-ogg-theora: a1e56fd34408186e4bbccfd4996cb3dc -> 
  custom:scripting/monoscript/fileName/RainManager.cs: 6f519e447f858de1d1116004f1c2030b -> c23e96145be99d7c7611077e6f0b2b77
  custom:CustomObjectIndexerAttribute: 0f5f72dab822025b0759b197a3119d15 -> 
  custom:container-demuxer-webm: 4f35f7cbe854078d1ac9338744f61a02 -> 
  custom:video-encoder-webm-vp8: eb34c28f22e8b96e1ab97ce403110664 -> 
========================================================================
Received Import Request.
  Time since last request: 297.274018 seconds.
  path: Assets/Enviroment/Resources/vfx/materials/mtl_raysCircle.mat
  artifactKey: Guid(3d28217b0ac649c4dad337d219037f38) Importer(815301076,1909f56bfc062723c751e8b465ee728b)
Start importing Assets/Enviroment/Resources/vfx/materials/mtl_raysCircle.mat using Guid(3d28217b0ac649c4dad337d219037f38) Importer(815301076,1909f56bfc062723c751e8b465ee728b)  -> (artifact id: '6a9132d2da41759833a6675fc8e17edc') in 0.109942 seconds
Number of updated asset objects reloaded before import = 0
Number of asset objects unloaded after import = 2
========================================================================
Received Import Request.
  Time since last request: 0.000021 seconds.
  path: Assets/2DGamekit/Art/Materials/VFX/Environment/ParticleForegroundFog.mat
  artifactKey: Guid(8a793220ef40b55439d9c7918c662256) Importer(815301076,1909f56bfc062723c751e8b465ee728b)
Start importing Assets/2DGamekit/Art/Materials/VFX/Environment/ParticleForegroundFog.mat using Guid(8a793220ef40b55439d9c7918c662256) Importer(815301076,1909f56bfc062723c751e8b465ee728b)  -> (artifact id: 'fd96fdf641d0f2553f308f1fc9c2ac2e') in 0.014821 seconds
Number of updated asset objects reloaded before import = 0
Number of asset objects unloaded after import = 2
========================================================================
Received Import Request.
  Time since last request: 0.000011 seconds.
  path: Assets/Enviroment/Resources/vfx/materials/mtl_ray.mat
  artifactKey: Guid(58774fb3b9479894f8ad029443121b7a) Importer(815301076,1909f56bfc062723c751e8b465ee728b)
Start importing Assets/Enviroment/Resources/vfx/materials/mtl_ray.mat using Guid(58774fb3b9479894f8ad029443121b7a) Importer(815301076,1909f56bfc062723c751e8b465ee728b)  -> (artifact id: '2e1615430549389c25c334cf333345f3') in 0.042330 seconds
Number of updated asset objects reloaded before import = 0
Number of asset objects unloaded after import = 2
========================================================================
Received Import Request.
  Time since last request: 0.000013 seconds.
  path: Assets/Enviroment/Resources/vfx/materials/mtl_star_coin_gold.mat
  artifactKey: Guid(0472f2a6c822bc944ad5d98a3378ad9b) Importer(815301076,1909f56bfc062723c751e8b465ee728b)
Start importing Assets/Enviroment/Resources/vfx/materials/mtl_star_coin_gold.mat using Guid(0472f2a6c822bc944ad5d98a3378ad9b) Importer(815301076,1909f56bfc062723c751e8b465ee728b)  -> (artifact id: 'ad85e0b382f95d29948fbb898d685c6a') in 0.012516 seconds
Number of updated asset objects reloaded before import = 0
Number of asset objects unloaded after import = 2
========================================================================
Received Import Request.
  Time since last request: 0.000016 seconds.
  path: Assets/2DGamekit/Art/Materials/Environment/PlantSwayMedium.mat
  artifactKey: Guid(0af4297e9c68f451d95749a9f91fd904) Importer(815301076,1909f56bfc062723c751e8b465ee728b)
Start importing Assets/2DGamekit/Art/Materials/Environment/PlantSwayMedium.mat using Guid(0af4297e9c68f451d95749a9f91fd904) Importer(815301076,1909f56bfc062723c751e8b465ee728b)  -> (artifact id: '2c000a2d64c8adff522e84ef13b1c5b4') in 0.014067 seconds
Number of updated asset objects reloaded before import = 0
Number of asset objects unloaded after import = 2
========================================================================
Received Import Request.
  Time since last request: 0.000014 seconds.
  path: Assets/2DGamekit/Art/Materials/Interactables/PushableBox.mat
  artifactKey: Guid(22a70977364b3204d93eddba9e601a6a) Importer(815301076,1909f56bfc062723c751e8b465ee728b)
Start importing Assets/2DGamekit/Art/Materials/Interactables/PushableBox.mat using Guid(22a70977364b3204d93eddba9e601a6a) Importer(815301076,1909f56bfc062723c751e8b465ee728b)  -> (artifact id: '2c0307980c06b56b2f68ff1b0502a5da') in 0.025481 seconds
Number of updated asset objects reloaded before import = 0
Number of asset objects unloaded after import = 3
========================================================================
Received Import Request.
  Time since last request: 0.000013 seconds.
  path: Assets/2DGamekit/Art/Materials/VFX/Environment/ParticleSparks.mat
  artifactKey: Guid(b28db239726789346a2151c36e0f98a0) Importer(815301076,1909f56bfc062723c751e8b465ee728b)
Start importing Assets/2DGamekit/Art/Materials/VFX/Environment/ParticleSparks.mat using Guid(b28db239726789346a2151c36e0f98a0) Importer(815301076,1909f56bfc062723c751e8b465ee728b)  -> (artifact id: 'a2f5e9f447e7e6d3306e3c422fef1f3c') in 0.018687 seconds
Number of updated asset objects reloaded before import = 0
Number of asset objects unloaded after import = 2
========================================================================
Received Import Request.
  Time since last request: 0.000013 seconds.
  path: Assets/Enviroment/Resources/vfx/materials/mtl_star_cube.mat
  artifactKey: Guid(d79372835d65d714eb49e9d494821681) Importer(815301076,1909f56bfc062723c751e8b465ee728b)
Start importing Assets/Enviroment/Resources/vfx/materials/mtl_star_cube.mat using Guid(d79372835d65d714eb49e9d494821681) Importer(815301076,1909f56bfc062723c751e8b465ee728b)  -> (artifact id: '5cfb4324e1d86c1368d1d68d3c8161f9') in 0.012097 seconds
Number of updated asset objects reloaded before import = 0
Number of asset objects unloaded after import = 2
========================================================================
Received Import Request.
  Time since last request: 197.187202 seconds.
  path: Assets/Animations/black fly.anim
  artifactKey: Guid(80cdedecd9c15ca469d21c88596c6247) Importer(815301076,1909f56bfc062723c751e8b465ee728b)
Start importing Assets/Animations/black fly.anim using Guid(80cdedecd9c15ca469d21c88596c6247) Importer(815301076,1909f56bfc062723c751e8b465ee728b)  -> (artifact id: 'da3f6c64849df6e168dce756e1101a69') in 0.001208 seconds
Number of updated asset objects reloaded before import = 0
Number of asset objects unloaded after import = 1
========================================================================
Received Import Request.
  Time since last request: 1.670854 seconds.
  path: Assets/Animations/black fly.anim
  artifactKey: Guid(80cdedecd9c15ca469d21c88596c6247) Importer(815301076,1909f56bfc062723c751e8b465ee728b)
Start importing Assets/Animations/black fly.anim using Guid(80cdedecd9c15ca469d21c88596c6247) Importer(815301076,1909f56bfc062723c751e8b465ee728b)  -> (artifact id: 'f3fec010302ee8ca9412d15a26ff2466') in 0.000941 seconds
Number of updated asset objects reloaded before import = 0
Number of asset objects unloaded after import = 1
========================================================================
Received Prepare
Begin MonoManager ReloadAssembly
- Loaded All Assemblies, in  0.480 seconds
Refreshing native plugins compatible for Editor in 7.72 ms, found 4 plugins.
Native extension for WindowsStandalone target not found
Native extension for Android target not found
Native extension for WebGL target not found
[Package Manager] Server::EnsureServerProcessIsRunning -- launch failed, reason: Unity was launched with the -noUpm command-line argument
[Package Manager] UpmClient::Send -- Unable to send message (not connected to UPM process).
[Package Manager] Cannot connect to Unity Package Manager local server
Mono: successfully reloaded assembly
- Finished resetting the current domain, in  1.565 seconds
Domain Reload Profiling: 2040ms
	BeginReloadAssembly (138ms)
		ExecutionOrderSort (0ms)
		DisableScriptedObjects (8ms)
		BackupInstance (0ms)
		ReleaseScriptingObjects (0ms)
		CreateAndSetChildDomain (39ms)
	RebuildCommonClasses (23ms)
	RebuildNativeTypeToScriptingClass (8ms)
	initialDomainReloadingComplete (28ms)
	LoadAllAssembliesAndSetupDomain (277ms)
		LoadAssemblies (319ms)
		RebuildTransferFunctionScriptingTraits (0ms)
		AnalyzeDomain (19ms)
			TypeCache.Refresh (5ms)
				TypeCache.ScanAssembly (0ms)
			ScanForSourceGeneratedMonoScriptInfo (0ms)
			ResolveRequiredComponents (11ms)
	FinalizeReload (1566ms)
		ReleaseScriptCaches (0ms)
		RebuildScriptCaches (0ms)
		SetupLoadedEditorAssemblies (657ms)
			LogAssemblyErrors (0ms)
			InitializePlatformSupportModulesInManaged (26ms)
			SetLoadedEditorAssemblies (4ms)
			RefreshPlugins (0ms)
			BeforeProcessingInitializeOnLoad (103ms)
			ProcessInitializeOnLoadAttributes (447ms)
			ProcessInitializeOnLoadMethodAttributes (67ms)
			AfterProcessingInitializeOnLoad (10ms)
			EditorAssembliesLoaded (0ms)
		ExecutionOrderSort2 (0ms)
		AwakeInstancesAfterBackupRestoration (13ms)
Shader 'Custom/RainShader': fallback shader 'Particles/Alpha Blended' not found
Refreshing native plugins compatible for Editor in 9.89 ms, found 4 plugins.
Preloading 0 native plugins for Editor in 0.00 ms.
Unloading 6604 Unused Serialized files (Serialized files now loaded: 0)
Unloading 75 unused Assets / (0.8 MB). Loaded Objects now: 7332.
Memory consumption went from 338.5 MB to 337.7 MB.
Total: 5.338700 ms (FindLiveObjects: 0.524400 ms CreateObjectMapping: 0.390400 ms MarkObjects: 4.008300 ms  DeleteObjects: 0.414800 ms)

Prepare: number of updated asset objects reloaded= 0
AssetImportParameters requested are different than current active one (requested -> active):
  custom:container-demuxer-ogg: 62fdf1f143b41e24485cea50d1cbac27 -> 
  custom:framework-win-MediaFoundation: 216162199b28c13a410421893ffa2e32 -> 
  custom:scripting/monoscript/fileName/EnvoManager.cs: 4581ba0fbe5bfe82884d4c9a6bee2034 -> 2dc10fa57d84fca58c4a9bfa8af38d7a
  custom:container-muxer-webm: aa71ff27fc2769a1b78a27578f13a17b -> 
  custom:video-decoder-webm-vp8: 9c59270c3fd7afecdb556c50c9e8de78 -> 
  custom:SearchIndexIgnoredProperties: e643bd26f0fe6173181afceb89e7c659 -> 
  custom:AudioImporter_EditorPlatform: d09bf68614088b80899f8185d706f6e7 -> 
  custom:audio-decoder-ogg-vorbis: bf7c407c2cedff20999df2af8eb42d56 -> 
  custom:audio-encoder-webm-vorbis: bf7c407c2cedff20999df2af8eb42d56 -> 
  custom:video-decoder-ogg-theora: a1e56fd34408186e4bbccfd4996cb3dc -> 
  custom:scripting/monoscript/fileName/RainManager.cs: 6f519e447f858de1d1116004f1c2030b -> c23e96145be99d7c7611077e6f0b2b77
  custom:CustomObjectIndexerAttribute: 0f5f72dab822025b0759b197a3119d15 -> 
  custom:container-demuxer-webm: 4f35f7cbe854078d1ac9338744f61a02 -> 
  custom:video-encoder-webm-vp8: eb34c28f22e8b96e1ab97ce403110664 -> 
========================================================================
Received Prepare
Begin MonoManager ReloadAssembly
- Loaded All Assemblies, in  0.487 seconds
Refreshing native plugins compatible for Editor in 8.44 ms, found 4 plugins.
Native extension for WindowsStandalone target not found
Native extension for Android target not found
Native extension for WebGL target not found
[Package Manager] Server::EnsureServerProcessIsRunning -- launch failed, reason: Unity was launched with the -noUpm command-line argument
[Package Manager] UpmClient::Send -- Unable to send message (not connected to UPM process).
[Package Manager] Cannot connect to Unity Package Manager local server
Mono: successfully reloaded assembly
- Finished resetting the current domain, in  1.536 seconds
Domain Reload Profiling: 2018ms
	BeginReloadAssembly (140ms)
		ExecutionOrderSort (0ms)
		DisableScriptedObjects (8ms)
		BackupInstance (0ms)
		ReleaseScriptingObjects (0ms)
		CreateAndSetChildDomain (39ms)
	RebuildCommonClasses (24ms)
	RebuildNativeTypeToScriptingClass (8ms)
	initialDomainReloadingComplete (29ms)
	LoadAllAssembliesAndSetupDomain (280ms)
		LoadAssemblies (323ms)
		RebuildTransferFunctionScriptingTraits (0ms)
		AnalyzeDomain (19ms)
			TypeCache.Refresh (6ms)
				TypeCache.ScanAssembly (0ms)
			ScanForSourceGeneratedMonoScriptInfo (0ms)
			ResolveRequiredComponents (11ms)
	FinalizeReload (1536ms)
		ReleaseScriptCaches (0ms)
		RebuildScriptCaches (0ms)
		SetupLoadedEditorAssemblies (641ms)
			LogAssemblyErrors (0ms)
			InitializePlatformSupportModulesInManaged (26ms)
			SetLoadedEditorAssemblies (3ms)
			RefreshPlugins (0ms)
			BeforeProcessingInitializeOnLoad (102ms)
			ProcessInitializeOnLoadAttributes (435ms)
			ProcessInitializeOnLoadMethodAttributes (66ms)
			AfterProcessingInitializeOnLoad (9ms)
			EditorAssembliesLoaded (0ms)
		ExecutionOrderSort2 (0ms)
		AwakeInstancesAfterBackupRestoration (11ms)
Shader 'Custom/RainShader': fallback shader 'Particles/Alpha Blended' not found
Refreshing native plugins compatible for Editor in 9.57 ms, found 4 plugins.
Preloading 0 native plugins for Editor in 0.00 ms.
Unloading 6604 Unused Serialized files (Serialized files now loaded: 0)
Unloading 75 unused Assets / (0.8 MB). Loaded Objects now: 7348.
Memory consumption went from 340.5 MB to 339.7 MB.
Total: 3.995000 ms (FindLiveObjects: 0.400900 ms CreateObjectMapping: 0.334200 ms MarkObjects: 2.853300 ms  DeleteObjects: 0.406000 ms)

Prepare: number of updated asset objects reloaded= 0
AssetImportParameters requested are different than current active one (requested -> active):
  custom:container-demuxer-ogg: 62fdf1f143b41e24485cea50d1cbac27 -> 
  custom:framework-win-MediaFoundation: 216162199b28c13a410421893ffa2e32 -> 
  custom:scripting/monoscript/fileName/EnvoManager.cs: 4581ba0fbe5bfe82884d4c9a6bee2034 -> 2dc10fa57d84fca58c4a9bfa8af38d7a
  custom:container-muxer-webm: aa71ff27fc2769a1b78a27578f13a17b -> 
  custom:video-decoder-webm-vp8: 9c59270c3fd7afecdb556c50c9e8de78 -> 
  custom:SearchIndexIgnoredProperties: e643bd26f0fe6173181afceb89e7c659 -> 
  custom:AudioImporter_EditorPlatform: d09bf68614088b80899f8185d706f6e7 -> 
  custom:audio-decoder-ogg-vorbis: bf7c407c2cedff20999df2af8eb42d56 -> 
  custom:audio-encoder-webm-vorbis: bf7c407c2cedff20999df2af8eb42d56 -> 
  custom:video-decoder-ogg-theora: a1e56fd34408186e4bbccfd4996cb3dc -> 
  custom:scripting/monoscript/fileName/RainManager.cs: 6f519e447f858de1d1116004f1c2030b -> c23e96145be99d7c7611077e6f0b2b77
  custom:CustomObjectIndexerAttribute: 0f5f72dab822025b0759b197a3119d15 -> 
  custom:container-demuxer-webm: 4f35f7cbe854078d1ac9338744f61a02 -> 
  custom:video-encoder-webm-vp8: eb34c28f22e8b96e1ab97ce403110664 -> 
========================================================================
Received Import Request.
  Time since last request: 265.418111 seconds.
  path: Assets/Prefabs/black fly.prefab
  artifactKey: Guid(fa6504dc3cda1e0479985c0be7959e2c) Importer(815301076,1909f56bfc062723c751e8b465ee728b)
Start importing Assets/Prefabs/black fly.prefab using Guid(fa6504dc3cda1e0479985c0be7959e2c) Importer(815301076,1909f56bfc062723c751e8b465ee728b)  -> (artifact id: '632238631b6c5c31640b6997efef7ae0') in 0.052083 seconds
Number of updated asset objects reloaded before import = 0
Number of asset objects unloaded after import = 17
========================================================================
Received Import Request.
  Time since last request: 20.786741 seconds.
  path: Assets/Scenes/MainMenu.unity
  artifactKey: Guid(99c9720ab356a0642a771bea13969a05) Importer(815301076,1909f56bfc062723c751e8b465ee728b)
Start importing Assets/Scenes/MainMenu.unity using Guid(99c9720ab356a0642a771bea13969a05) Importer(815301076,1909f56bfc062723c751e8b465ee728b)  -> (artifact id: '00ea5297885c36db39ee8dc143d9f8ff') in 0.000496 seconds
Number of updated asset objects reloaded before import = 0
Number of asset objects unloaded after import = 0
