
=== Sat Nov 23 01:57:27 2024

Packages were changed.
Update Mode: mergeDefaultDependencies

The following packages were added:
  com.unity.modules.ai@1.0.0
  com.unity.modules.androidjni@1.0.0
  com.unity.modules.animation@1.0.0
  com.unity.modules.assetbundle@1.0.0
  com.unity.modules.audio@1.0.0
  com.unity.modules.cloth@1.0.0
  com.unity.modules.director@1.0.0
  com.unity.modules.imageconversion@1.0.0
  com.unity.modules.imgui@1.0.0
  com.unity.modules.jsonserialize@1.0.0
  com.unity.modules.particlesystem@1.0.0
  com.unity.modules.physics@1.0.0
  com.unity.modules.physics2d@1.0.0
  com.unity.modules.screencapture@1.0.0
  com.unity.modules.terrain@1.0.0
  com.unity.modules.terrainphysics@1.0.0
  com.unity.modules.tilemap@1.0.0
  com.unity.modules.ui@1.0.0
  com.unity.modules.uielements@1.0.0
  com.unity.modules.umbra@1.0.0
  com.unity.modules.unityanalytics@1.0.0
  com.unity.modules.unitywebrequest@1.0.0
  com.unity.modules.unitywebrequestassetbundle@1.0.0
  com.unity.modules.unitywebrequestaudio@1.0.0
  com.unity.modules.unitywebrequesttexture@1.0.0
  com.unity.modules.unitywebrequestwww@1.0.0
  com.unity.modules.vehicles@1.0.0
  com.unity.modules.video@1.0.0
  com.unity.modules.vr@1.0.0
  com.unity.modules.wind@1.0.0
  com.unity.modules.xr@1.0.0
The following packages were updated:
  com.unity.collab-proxy from version 1.17.2 to 2.2.0
  com.unity.ide.rider from version 3.0.15 to 3.0.27
  com.unity.ide.visualstudio from version 2.0.16 to 2.0.22
  com.unity.render-pipelines.universal from version 14.0.3 to 14.0.9
  com.unity.timeline from version 1.7.1 to 1.7.6
  com.unity.visualscripting from version 1.7.8 to 1.9.1

=== Wed Nov 27 17:20:43 2024

Packages were changed.
Update Mode: updateDependencies

The following packages were updated:
  com.unity.2d.tilemap.extras from version 3.1.0 to 3.1.2
  com.unity.ai.navigation from version 1.1.3 to 1.1.5
  com.unity.burst from version 1.8.4 to 1.8.11
  com.unity.ide.rider from version 3.0.21 to 3.0.27
  com.unity.ide.visualstudio from version 2.0.18 to 2.0.22
  com.unity.postprocessing from version 3.2.2 to 3.4.0
  com.unity.render-pipelines.core from version 14.0.7 to 14.0.9
  com.unity.render-pipelines.universal from version 14.0.7 to 14.0.9
  com.unity.shadergraph from version 14.0.7 to 14.0.9
  com.unity.testtools.codecoverage from version 1.2.3 to 1.2.4
  com.unity.timeline from version 1.7.4 to 1.7.6
  com.unity.visualscripting from version 1.8.0 to 1.9.1

=== Wed Nov 27 17:20:43 2024

Packages were changed.
Update Mode: mergeDefaultDependencies

The following packages were added:
  com.unity.2d.sprite@1.0.0
  com.unity.2d.tilemap@1.0.0
  com.unity.2d.tilemap.extras@3.1.2
  com.unity.ai.navigation@1.1.5
  com.unity.burst@1.8.11
  com.unity.cinemachine@2.9.5
  com.unity.editorcoroutines@1.0.0
  com.unity.ext.nunit@1.0.6
  com.unity.feature.development@1.0.1
  com.unity.mathematics@1.2.6
  com.unity.performance.profile-analyzer@1.2.2
  com.unity.postprocessing@3.4.0
  com.unity.render-pipelines.core@14.0.9
  com.unity.searcher@4.9.2
  com.unity.settings-manager@2.0.1
  com.unity.shadergraph@14.0.9
  com.unity.testtools.codecoverage@1.2.4
  com.unity.xr.legacyinputhelpers@2.1.10
  com.unity.modules.subsystems@1.0.0

=== Mon Dec 23 23:35:23 2024

Packages were changed.
Update Mode: updateDependencies

The following packages were updated:
  com.unity.2d.animation from version 7.0.6 to 9.0.4
  com.unity.2d.common from version 6.0.3 to 8.0.2
  com.unity.2d.psdimporter from version 6.0.4 to 8.0.3
  com.unity.2d.spriteshape from version 7.0.4 to 9.0.2
  com.unity.2d.tilemap.extras from version 2.2.7 to 3.1.2
  com.unity.burst from version 1.6.5 to 1.8.11
  com.unity.cinemachine from version 2.8.6 to 2.9.5
  com.unity.ide.visualstudio from version 2.0.15 to 2.0.22
  com.unity.inputsystem from version 1.3.0 to 1.7.0
  com.unity.mathematics from version 1.2.5 to 1.2.6
  com.unity.render-pipelines.core from version 12.1.6 to 14.0.9
  com.unity.render-pipelines.universal from version 12.1.6 to 14.0.9
  com.unity.searcher from version 4.9.1 to 4.9.2
  com.unity.shadergraph from version 12.1.6 to 14.0.9
  com.unity.test-framework from version 1.1.31 to 1.1.33
  com.unity.timeline from version 1.6.4 to 1.7.6
The following packages were removed:
  com.unity.2d.path@5.0.2

=== Mon Dec 23 23:35:23 2024

Packages were changed.
Update Mode: mergeDefaultDependencies

The following packages were added:
  com.unity.2d.animation@9.0.4
  com.unity.2d.common@8.0.2
  com.unity.2d.psdimporter@8.0.3
  com.unity.2d.spriteshape@9.0.2
  com.unity.inputsystem@1.7.0
  com.unity.modules.uielementsnative@1.0.0

=== Mon Dec 23 23:39:04 2024

Packages were changed.
Update Mode: updateDependencies

The following packages were updated:
  com.unity.2d.animation from version 7.0.6 to 9.0.4
  com.unity.2d.common from version 6.0.3 to 8.0.2
  com.unity.2d.psdimporter from version 6.0.4 to 8.0.3
  com.unity.2d.spriteshape from version 7.0.4 to 9.0.2
  com.unity.2d.tilemap.extras from version 2.2.7 to 3.1.2
  com.unity.burst from version 1.6.5 to 1.8.11
  com.unity.cinemachine from version 2.8.6 to 2.9.5
  com.unity.ide.visualstudio from version 2.0.15 to 2.0.22
  com.unity.inputsystem from version 1.3.0 to 1.7.0
  com.unity.mathematics from version 1.2.5 to 1.2.6
  com.unity.render-pipelines.core from version 12.1.6 to 14.0.9
  com.unity.render-pipelines.universal from version 12.1.6 to 14.0.9
  com.unity.searcher from version 4.9.1 to 4.9.2
  com.unity.shadergraph from version 12.1.6 to 14.0.9
  com.unity.test-framework from version 1.1.31 to 1.1.33
  com.unity.timeline from version 1.6.4 to 1.7.6
The following packages were removed:
  com.unity.2d.path@5.0.2
